###############################################################################
#
# IAR C/C++ Compiler V7.12.3.989/W32 for MSP430           05/Mar/2020  15:49:13
# Copyright 1996-2019 IAR Systems AB.
# PC-locked license - IAR Embedded Workbench for MSP430, 8K KickStart Edition 7.12
#
#    __rt_version  =  3
#    __double_size =  32
#    __reg_r4      =  free
#    __reg_r5      =  free
#    __pic         =  no
#    __core        =  430X
#    __data_model  =  small
#    __code_model  =  large
#    Source file   =  
#        C:\Users\LittleRandom\Documents\NCSU\3_Junior\Spring Term 2020\ECE
#        306\Projects\Project 06\scratch.c
#    Command line  =  
#        -f C:\Users\LITTLE~1\AppData\Local\Temp\EWB5BE.tmp
#        ("C:\Users\LittleRandom\Documents\NCSU\3_Junior\Spring Term 2020\ECE
#        306\Projects\Project 06\scratch.c" -lC
#        "C:\Users\LittleRandom\Documents\NCSU\3_Junior\Spring Term 2020\ECE
#        306\Projects\Project 06\Debug\List" -o
#        "C:\Users\LittleRandom\Documents\NCSU\3_Junior\Spring Term 2020\ECE
#        306\Projects\Project 06\Debug\Obj" --no_cse --no_unroll --no_inline
#        --no_code_motion --no_tbaa --debug -D__MSP430FR2355__ -e --double=32
#        --dlib_config "C:\Program Files (x86)\IAR Systems\Embedded Workbench
#        8.0\430\lib\dlib\dl430xlsfn.h" -I ./\ --core=430X --data_model=small
#        -On --multiplier=32 --hw_workaround=CPU40 --code_model=large)
#    Locale        =  English_USA.1252
#    List file     =  
#        C:\Users\LittleRandom\Documents\NCSU\3_Junior\Spring Term 2020\ECE
#        306\Projects\Project 06\Debug\List\scratch.lst
#    Object file   =  
#        C:\Users\LittleRandom\Documents\NCSU\3_Junior\Spring Term 2020\ECE
#        306\Projects\Project 06\Debug\Obj\scratch.r43
#
###############################################################################



 

 


Errors: none
Warnings: none
