###############################################################################
#
# IAR C/C++ Compiler V7.12.3.989/W32 for MSP430           05/Mar/2020  15:49:13
# Copyright 1996-2019 IAR Systems AB.
# PC-locked license - IAR Embedded Workbench for MSP430, 8K KickStart Edition 7.12
#
#    __rt_version  =  3
#    __double_size =  32
#    __reg_r4      =  free
#    __reg_r5      =  free
#    __pic         =  no
#    __core        =  430X
#    __data_model  =  small
#    __code_model  =  large
#    Source file   =  
#        C:\Users\LittleRandom\Documents\NCSU\3_Junior\Spring Term 2020\ECE
#        306\Projects\Project 06\switches.c
#    Command line  =  
#        -f C:\Users\LITTLE~1\AppData\Local\Temp\EWB5EE.tmp
#        ("C:\Users\LittleRandom\Documents\NCSU\3_Junior\Spring Term 2020\ECE
#        306\Projects\Project 06\switches.c" -lC
#        "C:\Users\LittleRandom\Documents\NCSU\3_Junior\Spring Term 2020\ECE
#        306\Projects\Project 06\Debug\List" -o
#        "C:\Users\LittleRandom\Documents\NCSU\3_Junior\Spring Term 2020\ECE
#        306\Projects\Project 06\Debug\Obj" --no_cse --no_unroll --no_inline
#        --no_code_motion --no_tbaa --debug -D__MSP430FR2355__ -e --double=32
#        --dlib_config "C:\Program Files (x86)\IAR Systems\Embedded Workbench
#        8.0\430\lib\dlib\dl430xlsfn.h" -I ./\ --core=430X --data_model=small
#        -On --multiplier=32 --hw_workaround=CPU40 --code_model=large)
#    Locale        =  English_USA.1252
#    List file     =  
#        C:\Users\LittleRandom\Documents\NCSU\3_Junior\Spring Term 2020\ECE
#        306\Projects\Project 06\Debug\List\switches.lst
#    Object file   =  
#        C:\Users\LittleRandom\Documents\NCSU\3_Junior\Spring Term 2020\ECE
#        306\Projects\Project 06\Debug\Obj\switches.r43
#
###############################################################################

C:\Users\LittleRandom\Documents\NCSU\3_Junior\Spring Term 2020\ECE 306\Projects\Project 06\switches.c
      1          //------------------------------------------------------------------------------
      2          //  File Name: switches.c
      3          //
      4          //  Description: This file contains the functions that the switches invoke.
      5          //
      6          //
      7          //  Quoc Chuong Vu
      8          //  Jan 2020
      9          //  Built with IAR Embedded Workbench Version: V4.10A/W32 (7.12.4)
     10          //------------------------------------------------------------------------------
     11          
     12          //------------------------------------------------------------------------------
     13          #include "functions.h"
     14          #include "macros.h"
     15          #include "msp430.h"
     16          #include  <string.h>
     17          
     18          

   \                                 In  segment CODE, align 2
     19          void Switches_Process(void){
   \                     Switches_Process:
     20            // state machine to cycle through choices.
     21           
     22          }
   \   000000   1001         RETA

   Maximum stack usage in bytes:

   CSTACK Function
   ------ --------
      4   Switches_Process


   Segment part sizes:

   Bytes  Function/Label
   -----  --------------
       2  Switches_Process

 
 2 bytes in segment CODE
 
 2 bytes of CODE memory

Errors: none
Warnings: none
